<?xml version="1.0" encoding="UTF-8"?>
<testsuite name="com.kodilla.testing.forum.ForumTestSuite" tests="1" skipped="0" failures="0" errors="0" timestamp="2022-07-06T11:47:53" hostname="MSI" time="0.027">
  <properties/>
  <testcase name="testCaseUsername()" classname="com.kodilla.testing.forum.ForumTestSuite" time="0.027"/>
  <system-out><![CDATA[]]></system-out>
  <system-err><![CDATA[]]></system-err>
</testsuite>
